[2026-04-19T10:54:27.162157] preparing instance instance_3e81ffd59f0543e8a0c2e832ee5c5ff2
device=AFQJVB2211008014
[2026-04-19T10:54:27.174323] instance entered running state
bash arg: -p
  bash arg: com.ss.android.ugc.aweme
  bash arg: --throttle
  bash arg: 500
  bash arg: --ignore-crashes
  bash arg: --ignore-timeouts
  bash arg: --ignore-security-exceptions
  bash arg: -v
  bash arg: 5
:Monkey: seed=1776704011672 count=5
:AllowPackage: com.ss.android.ugc.aweme
:IncludeCategory: android.intent.category.LAUNCHER
:IncludeCategory: android.intent.category.MONKEY
// Event percentages:
//   0: 15.0%
//   1: 10.0%
//   2: 2.0%
//   3: 15.0%
//   4: -0.0%
//   5: -0.0%
//   6: 25.0%
//   7: 15.0%
//   8: 2.0%
//   9: 2.0%
//   10: 1.0%
//   11: 13.0%
:Switch: #Intent;action=android.intent.action.MAIN;category=android.intent.category.LAUNCHER;launchFlags=0x10200000;component=com.ss.android.ugc.aweme/.splash.SplashActivity;end
    // Allowing start of Intent { act=android.intent.action.MAIN cat=[android.intent.category.LAUNCHER] cmp=com.ss.android.ugc.aweme/.splash.SplashActivity } in package com.ss.android.ugc.aweme
:Switch: #Intent;action=android.intent.action.MAIN;category=android.intent.category.LAUNCHER;launchFlags=0x10200000;component=com.ss.android.ugc.aweme/.splash.SplashActivity;end
    // Allowing start of Intent { act=android.intent.action.MAIN cat=[android.intent.category.LAUNCHER] cmp=com.ss.android.ugc.aweme/.splash.SplashActivity } in package com.ss.android.ugc.aweme
:Sending Trackball (ACTION_MOVE): 0:(-4.0,0.0)
Events injected: 5
:Sending rotation degree=0, persist=false
:Dropped: keys=0 pointers=0 trackballs=0 flips=0 rotations=0
## Network stats: elapsed time=4495ms (0ms mobile, 0ms wifi, 4495ms not connected)
// Monkey finished
args: [-p, com.ss.android.ugc.aweme, --throttle, 500, --ignore-crashes, --ignore-timeouts, --ignore-security-exceptions, -v, 5]
 arg: "-p"
 arg: "com.ss.android.ugc.aweme"
 arg: "--throttle"
 arg: "500"
 arg: "--ignore-crashes"
 arg: "--ignore-timeouts"
 arg: "--ignore-security-exceptions"
 arg: "-v"
 arg: "5"
data="com.ss.android.ugc.aweme"
arg="--throttle" mCurArgData="null" mNextArg=3 argwas="--throttle" nextarg="500"
data="500"
arg="--ignore-crashes" mCurArgData="null" mNextArg=5 argwas="--ignore-crashes" nextarg="--ignore-timeouts"
arg="--ignore-timeouts" mCurArgData="null" mNextArg=6 argwas="--ignore-timeouts" nextarg="--ignore-security-exceptions"
arg="--ignore-security-exceptions" mCurArgData="null" mNextArg=7 argwas="--ignore-security-exceptions" nextarg="-v"
[2026-04-19T10:54:35.362626] execution finished with status success
