[2026-04-19T13:58:43.994496] preparing instance instance_b6875bfbe3094fbe8a85b07e8e0cd209
device=192.168.31.99:5555
[2026-04-19T13:58:44.008044] instance entered running state
[2026-04-19T13:58:44.008152] scenario attempt 1/1 started for instance instance_b6875bfbe3094fbe8a85b07e8e0cd209
[monkey] attempt=1 return_code=0 timed_out=False
bash arg: -p
  bash arg: com.hihonor.calculator
  bash arg: --throttle
  bash arg: 100
  bash arg: --ignore-crashes
  bash arg: --ignore-timeouts
  bash arg: --ignore-security-exceptions
  bash arg: -v
  bash arg: 300
:Monkey: seed=1776790689357 count=300
:AllowPackage: com.hihonor.calculator
:IncludeCategory: android.intent.category.LAUNCHER
:IncludeCategory: android.intent.category.MONKEY
// Event percentages:
//   0: 15.0%
//   1: 10.0%
//   2: 2.0%
//   3: 15.0%
//   4: -0.0%
//   5: -0.0%
//   6: 25.0%
//   7: 15.0%
//   8: 2.0%
//   9: 2.0%
//   10: 1.0%
//   11: 13.0%
:Switch: #Intent;action=android.intent.action.MAIN;category=android.intent.category.LAUNCHER;launchFlags=0x10200000;component=com.hihonor.calculator/.Calculator;end
    // Allowing start of Intent { act=android.intent.action.MAIN cat=[android.intent.category.LAUNCHER] cmp=com.hihonor.calculator/.Calculator } in package com.hihonor.calculator
:Sending Touch (ACTION_DOWN): 0:(1072.0,1185.0)
:Sending Touch (ACTION_UP): 0:(1030.5782,1254.9138)
:Sending Touch (ACTION_DOWN): 0:(18.0,386.0)
:Sending Touch (ACTION_UP): 0:(17.847746,396.24063)
:Sending Touch (ACTION_DOWN): 0:(713.0,43.0)
:Sending Touch (ACTION_UP): 0:(715.5168,49.01974)
:Sending Touch (ACTION_DOWN): 0:(536.0,101.0)
:Sending Touch (ACTION_UP): 0:(618.6915,0.0)
:Sending Trackball (ACTION_MOVE): 0:(-1.0,-1.0)
:Sending Touch (ACTION_DOWN): 0:(1024.0,1191.0)
:Sending Touch (ACTION_UP): 0:(1010.94165,1180.5972)
:Sending Trackball (ACTION_MOVE): 0:(2.0,-3.0)
:Sending Touch (ACTION_DOWN): 0:(1861.0,70.0)
:Sending Touch (ACTION_UP): 0:(1877.4448,101.2995)
:Sending Touch (ACTION_DOWN): 0:(674.0,170.0)
:Sending Touch (ACTION_UP): 0:(673.79456,161.14636)
:Sending Trackball (ACTION_MOVE): 0:(1.0,4.0)
:Sending Touch (ACTION_DOWN): 0:(659.0,738.0)
:Sending Touch (ACTION_UP): 0:(643.8907,743.52826)
    //[calendar_time:2026-04-19 21:58:47.047  system_uptime:565436325]
    // Sending event #100
    //[calendar_time:2026-04-19 21:58:47.157  system_uptime:565436425]
    // Sending event #100
:Sending Flip keyboardOpen=false
Got IOException performing flipjava.io.FileNotFoundException: /dev/input/event0: open failed: EACCES (Permission denied)
    // Injection Failed
:Sending Touch (ACTION_DOWN): 0:(7.0,623.0)
:Sending Touch (ACTION_UP): 0:(27.209328,609.2166)
:Sending Touch (ACTION_DOWN): 0:(1012.0,717.0)
:Sending Touch (ACTION_UP): 0:(1006.9496,712.04346)
:Sending Trackball (ACTION_MOVE): 0:(1.0,-2.0)
:Sending Trackball (ACTION_UP): 0:(0.0,0.0)
:Sending Touch (ACTION_DOWN): 0:(294.0,457.0)
:Sending Touch (ACTION_UP): 0:(240.61864,452.69885)
:Sending Touch (ACTION_DOWN): 0:(294.0,326.0)
:Sending Touch (ACTION_UP): 0:(268.2258,326.98953)
:Sending Touch (ACTION_DOWN): 0:(1631.0,639.0)
:Sending Touch (ACTION_UP): 0:(1630.9883,638.7151)
:Sending Trackball (ACTION_MOVE): 0:(-2.0,1.0)
:Sending Trackball (ACTION_MOVE): 0:(3.0,-1.0)
:Sending Touch (ACTION_DOWN): 0:(1394.0,557.0)
:Sending Touch (ACTION_UP): 0:(1388.374,548.89294)
:Sending Trackball (ACTION_MOVE): 0:(0.0,-3.0)
:Sending Trackball (ACTION_UP): 0:(0.0,0.0)
    //[calendar_time:2026-04-19 21:58:49.953  system_uptime:565439222]
    // Sending event #200
    //[calendar_time:2026-04-19 21:58:50.055  system_uptime:565439325]
    // Sending event #200
:Sending Trackball (ACTION_MOVE): 0:(3.0,-3.0)
:Sending Touch (ACTION_DOWN): 0:(733.0,789.0)
:Sending Touch (ACTION_UP): 0:(747.0114,791.8333)
:Sending Trackball (ACTION_MOVE): 0:(3.0,-3.0)
:Sending Trackball (ACTION_UP): 0:(0.0,0.0)
:Sending Touch (ACTION_DOWN): 0:(350.0,1525.0)
:Sending Touch (ACTION_UP): 0:(346.91833,1534.8271)
:Sending Touch (ACTION_DOWN): 0:(194.0,1509.0)
:Sending Touch (ACTION_UP): 0:(204.74509,1509.5002)
:Sending Trackball (ACTION_MOVE): 0:(2.0,-2.0)
:Sending Trackball (ACTION_MOVE): 0:(1.0,4.0)
:Sending Touch (ACTION_DOWN): 0:(736.0,686.0)
:Sending Touch (ACTION_UP): 0:(758.32025,694.5196)
:Sending Touch (ACTION_DOWN): 0:(864.0,2251.0)
:Sending Touch (ACTION_UP): 0:(810.6849,2237.1882)
:Sending Touch (ACTION_DOWN): 0:(736.0,257.0)
:Sending Touch (ACTION_UP): 0:(781.5245,302.07172)
:Sending Trackball (ACTION_MOVE): 0:(-4.0,1.0)
Events injected: 300
:Sending rotation degree=0, persist=false
:Dropped: keys=0 pointers=0 trackballs=0 flips=1 rotations=0
## Network stats: elapsed time=8611ms (0ms mobile, 0ms wifi, 8611ms not connected)
// Monkey finished
args: [-p, com.hihonor.calculator, --throttle, 100, --ignore-crashes, --ignore-timeouts, --ignore-security-exceptions, -v, 300]
 arg: "-p"
 arg: "com.hihonor.calculator"
 arg: "--throttle"
 arg: "100"
 arg: "--ignore-crashes"
 arg: "--ignore-timeouts"
 arg: "--ignore-security-exceptions"
 arg: "-v"
 arg: "300"
data="com.hihonor.calculator"
arg="--throttle" mCurArgData="null" mNextArg=3 argwas="--throttle" nextarg="100"
data="100"
arg="--ignore-crashes" mCurArgData="null" mNextArg=5 argwas="--ignore-crashes" nextarg="--ignore-timeouts"
arg="--ignore-timeouts" mCurArgData="null" mNextArg=6 argwas="--ignore-timeouts" nextarg="--ignore-security-exceptions"
arg="--ignore-security-exceptions" mCurArgData="null" mNextArg=7 argwas="--ignore-security-exceptions" nextarg="-v"
[2026-04-19T13:58:53.372082] execution finished with status success
