[2026-04-26 04:19:49.717506] preparing instance instance_a4278d7ff5224c2c89a929c8beeeb513
device=AFQJVB2211008014
[2026-04-26 04:19:49.724704] instance entered running state
[2026-04-26 04:19:49.724828] scenario attempt 1/1 started for instance instance_a4278d7ff5224c2c89a929c8beeeb513
[monkey] attempt=1 return_code=0 timed_out=False
bash arg: -p
  bash arg: com.ss.android.ugc.aweme
  bash arg: --throttle
  bash arg: 300
  bash arg: --ignore-crashes
  bash arg: --ignore-timeouts
  bash arg: --ignore-security-exceptions
  bash arg: -v
  bash arg: 240
:Monkey: seed=1777220351858 count=240
:AllowPackage: com.ss.android.ugc.aweme
:IncludeCategory: android.intent.category.LAUNCHER
:IncludeCategory: android.intent.category.MONKEY
// Event percentages:
//   0: 15.0%
//   1: 10.0%
//   2: 2.0%
//   3: 15.0%
//   4: -0.0%
//   5: -0.0%
//   6: 25.0%
//   7: 15.0%
//   8: 2.0%
//   9: 2.0%
//   10: 1.0%
//   11: 13.0%
:Switch: #Intent;action=android.intent.action.MAIN;category=android.intent.category.LAUNCHER;launchFlags=0x10200000;component=com.ss.android.ugc.aweme/.splash.SplashActivity;end
    // Allowing start of Intent { act=android.intent.action.MAIN cat=[android.intent.category.LAUNCHER] cmp=com.ss.android.ugc.aweme/.splash.SplashActivity } in package com.ss.android.ugc.aweme
:Sending Touch (ACTION_DOWN): 0:(188.0,1898.0)
:Sending Touch (ACTION_UP): 0:(235.75726,1860.4412)
:Sending Trackball (ACTION_MOVE): 0:(4.0,-4.0)
:Sending Touch (ACTION_DOWN): 0:(386.0,1034.0)
:Sending Touch (ACTION_UP): 0:(423.54572,1009.55444)
:Sending Flip keyboardOpen=false
Got IOException performing flipjava.io.FileNotFoundException: /dev/input/event0: open failed: EACCES (Permission denied)
    // Injection Failed
    // Allowing start of Intent { cmp=com.ss.android.ugc.aweme/.account.business.login.DYLoginActivity } in package com.ss.android.ugc.aweme
    // Allowing start of Intent { cmp=com.ss.android.ugc.aweme/com.bytedance.bdturing.livedetect.TuringLiveDetectGuideActivity } in package com.ss.android.ugc.aweme
:Sending Touch (ACTION_DOWN): 0:(369.0,238.0)
:Sending Touch (ACTION_UP): 0:(307.34497,216.91063)
:Sending Touch (ACTION_DOWN): 0:(949.0,29.0)
:Sending Touch (ACTION_UP): 0:(883.65265,92.148834)
:Sending Touch (ACTION_DOWN): 0:(601.0,407.0)
:Sending Touch (ACTION_UP): 0:(597.07275,406.79047)
:Sending Touch (ACTION_DOWN): 0:(913.0,1767.0)
:Sending Touch (ACTION_UP): 0:(919.1557,1760.0518)
:Sending Touch (ACTION_DOWN): 0:(306.0,1368.0)
:Sending Touch (ACTION_UP): 0:(306.135,1368.6692)
    // Rejecting start of Intent { cmp=com.android.systemui/.screenshot.ShotSelectDialogActivity } in package com.android.systemui
:Sending Touch (ACTION_DOWN): 0:(543.0,936.0)
:Sending Touch (ACTION_UP): 0:(540.74725,934.71484)
:Sending Touch (ACTION_DOWN): 0:(723.0,1781.0)
:Sending Touch (ACTION_UP): 0:(727.6784,1770.7192)
:Sending Touch (ACTION_DOWN): 0:(799.0,1378.0)
    //[calendar_time:2026-04-26 04:20:07.067  system_uptime:90489919]
    // Sending event #100
:Sending Touch (ACTION_UP): 0:(814.3465,1374.0758)
:Sending Touch (ACTION_DOWN): 0:(736.0,96.0)
:Sending Touch (ACTION_UP): 0:(730.0467,90.57274)
    // Rejecting start of Intent { cmp=com.microsoft.appmanager/.StartUpActivity } in package com.microsoft.appmanager
:Sending Touch (ACTION_DOWN): 0:(1039.0,1616.0)
:Sending Touch (ACTION_UP): 0:(1042.1261,1681.2207)
:Sending Touch (ACTION_DOWN): 0:(276.0,2111.0)
:Sending Touch (ACTION_UP): 0:(277.92682,2118.4023)
:Sending Trackball (ACTION_MOVE): 0:(3.0,-1.0)
:Sending Touch (ACTION_DOWN): 0:(836.0,823.0)
:Sending Touch (ACTION_UP): 0:(830.6686,821.1552)
:Sending Trackball (ACTION_MOVE): 0:(-4.0,-3.0)
:Sending Trackball (ACTION_MOVE): 0:(-4.0,1.0)
:Sending Flip keyboardOpen=true
Got IOException performing flipjava.io.FileNotFoundException: /dev/input/event0: open failed: EACCES (Permission denied)
    // Injection Failed
:Switch: #Intent;action=android.intent.action.MAIN;category=android.intent.category.LAUNCHER;launchFlags=0x10200000;component=com.ss.android.ugc.aweme/.splash.SplashActivity;end
    // Allowing start of Intent { act=android.intent.action.MAIN cat=[android.intent.category.LAUNCHER] cmp=com.ss.android.ugc.aweme/.splash.SplashActivity } in package com.ss.android.ugc.aweme
:Sending Trackball (ACTION_MOVE): 0:(-3.0,-5.0)
:Sending Touch (ACTION_DOWN): 0:(774.0,1132.0)
:Sending Touch (ACTION_UP): 0:(717.9768,1084.4196)
:Sending Touch (ACTION_DOWN): 0:(577.0,2141.0)
    //[calendar_time:2026-04-26 04:20:15.043  system_uptime:90497786]
    // Sending event #200
:Sending Touch (ACTION_UP): 0:(575.9051,2124.1428)
:Sending Touch (ACTION_DOWN): 0:(586.0,736.0)
:Sending Touch (ACTION_UP): 0:(585.0876,753.168)
:Sending Trackball (ACTION_MOVE): 0:(3.0,-3.0)
:Sending Trackball (ACTION_MOVE): 0:(1.0,-1.0)
:Sending Touch (ACTION_DOWN): 0:(917.0,1110.0)
:Sending Touch (ACTION_UP): 0:(918.4502,1110.9977)
:Sending Touch (ACTION_DOWN): 0:(520.0,2278.0)
:Sending Touch (ACTION_UP): 0:(515.67267,2275.0842)
:Sending Trackball (ACTION_MOVE): 0:(0.0,3.0)
Events injected: 240
:Sending rotation degree=0, persist=false
:Dropped: keys=0 pointers=0 trackballs=0 flips=2 rotations=0
## Network stats: elapsed time=25530ms (0ms mobile, 0ms wifi, 25530ms not connected)
// Monkey finished
args: [-p, com.ss.android.ugc.aweme, --throttle, 300, --ignore-crashes, --ignore-timeouts, --ignore-security-exceptions, -v, 240]
 arg: "-p"
 arg: "com.ss.android.ugc.aweme"
 arg: "--throttle"
 arg: "300"
 arg: "--ignore-crashes"
 arg: "--ignore-timeouts"
 arg: "--ignore-security-exceptions"
 arg: "-v"
 arg: "240"
data="com.ss.android.ugc.aweme"
arg="--throttle" mCurArgData="null" mNextArg=3 argwas="--throttle" nextarg="300"
data="300"
arg="--ignore-crashes" mCurArgData="null" mNextArg=5 argwas="--ignore-crashes" nextarg="--ignore-timeouts"
arg="--ignore-timeouts" mCurArgData="null" mNextArg=6 argwas="--ignore-timeouts" nextarg="--ignore-security-exceptions"
arg="--ignore-security-exceptions" mCurArgData="null" mNextArg=7 argwas="--ignore-security-exceptions" nextarg="-v"
[2026-04-26 04:20:19.913130] execution finished with status success
[2026-04-26 04:31:18.462488] preparing instance instance_a4278d7ff5224c2c89a929c8beeeb513
device=AFQJVB2211008014
