[2026-04-19T13:17:53.192659] preparing instance instance_2de4ce06d7d948cf96234e50cfdc82cb
device=192.168.31.99:5555
[2026-04-19T13:17:53.206485] instance entered running state
[monkey] attempt=1 return_code=255 timed_out=False
bash arg: -p
  bash arg: com.hihonor.calculator
  bash arg: --throttle
  bash arg: 100
  bash arg: --ignore-crashes
  bash arg: --ignore-timeouts
  bash arg: --ignore-security-exceptions
  bash arg: -v
  bash arg: 300
:Monkey: seed=1776658969945 count=300
:AllowPackage: com.hihonor.calculator
:IncludeCategory: android.intent.category.LAUNCHER
:IncludeCategory: android.intent.category.MONKEY
// Event percentages:
//   0: 15.0%
//   1: 10.0%
//   2: 2.0%
//   3: 15.0%
//   4: -0.0%
//   5: -0.0%
//   6: 25.0%
//   7: 15.0%
//   8: 2.0%
//   9: 2.0%
//   10: 1.0%
//   11: 13.0%
:Switch: #Intent;action=android.intent.action.MAIN;category=android.intent.category.LAUNCHER;launchFlags=0x10200000;component=com.hihonor.calculator/.Calculator;end
    // Allowing start of Intent { act=android.intent.action.MAIN cat=[android.intent.category.LAUNCHER] cmp=com.hihonor.calculator/.Calculator } in package com.hihonor.calculator
:Sending Trackball (ACTION_MOVE): 0:(-1.0,3.0)
:Sending Trackball (ACTION_UP): 0:(0.0,0.0)
:Sending Touch (ACTION_DOWN): 0:(2288.0,838.0)
:Sending Touch (ACTION_UP): 0:(2285.8743,833.55664)
:Sending Touch (ACTION_DOWN): 0:(1757.0,1012.0)
:Sending Touch (ACTION_UP): 0:(1752.6583,1021.909)
args: [-p, com.hihonor.calculator, --throttle, 100, --ignore-crashes, --ignore-timeouts, --ignore-security-exceptions, -v, 300]
 arg: "-p"
 arg: "com.hihonor.calculator"
 arg: "--throttle"
 arg: "100"
 arg: "--ignore-crashes"
 arg: "--ignore-timeouts"
 arg: "--ignore-security-exceptions"
 arg: "-v"
 arg: "300"
data="com.hihonor.calculator"
arg="--throttle" mCurArgData="null" mNextArg=3 argwas="--throttle" nextarg="100"
data="100"
arg="--ignore-crashes" mCurArgData="null" mNextArg=5 argwas="--ignore-crashes" nextarg="--ignore-timeouts"
arg="--ignore-timeouts" mCurArgData="null" mNextArg=6 argwas="--ignore-timeouts" nextarg="--ignore-security-exceptions"
arg="--ignore-security-exceptions" mCurArgData="null" mNextArg=7 argwas="--ignore-security-exceptions" nextarg="-v"
[monkey] execution monkey command failed or timed out while device was offline, retrying adb connect for 192.168.31.99:5555
[monkey] execution reconnect return_code=0 stdout=connected to 192.168.31.99:5555 stderr=
[monkey] execution reconnect succeeded for 192.168.31.99:5555
[monkey] execution reconnect recovered command path, retrying current execution
[monkey] attempt=2 return_code=0 timed_out=False
bash arg: -p
  bash arg: com.hihonor.calculator
  bash arg: --throttle
  bash arg: 100
  bash arg: --ignore-crashes
  bash arg: --ignore-timeouts
  bash arg: --ignore-security-exceptions
  bash arg: -v
  bash arg: 300
:Monkey: seed=1776617661546 count=300
:AllowPackage: com.hihonor.calculator
:IncludeCategory: android.intent.category.LAUNCHER
:IncludeCategory: android.intent.category.MONKEY
// Event percentages:
//   0: 15.0%
//   1: 10.0%
//   2: 2.0%
//   3: 15.0%
//   4: -0.0%
//   5: -0.0%
//   6: 25.0%
//   7: 15.0%
//   8: 2.0%
//   9: 2.0%
//   10: 1.0%
//   11: 13.0%
:Switch: #Intent;action=android.intent.action.MAIN;category=android.intent.category.LAUNCHER;launchFlags=0x10200000;component=com.hihonor.calculator/.Calculator;end
    // Allowing start of Intent { act=android.intent.action.MAIN cat=[android.intent.category.LAUNCHER] cmp=com.hihonor.calculator/.Calculator } in package com.hihonor.calculator
:Sending Touch (ACTION_DOWN): 0:(973.0,341.0)
:Sending Touch (ACTION_UP): 0:(1003.851,300.36945)
    // Allowing start of Intent { act=android.intent.action.MAIN cat=[android.intent.category.LAUNCHER] cmp=com.hihonor.calculator/.Calculator } in package com.hihonor.calculator
:Sending Touch (ACTION_DOWN): 0:(360.0,46.0)
:Sending Touch (ACTION_UP): 0:(372.67633,69.81289)
:Sending Trackball (ACTION_MOVE): 0:(3.0,2.0)
:Sending Trackball (ACTION_MOVE): 0:(-5.0,-1.0)
:Switch: #Intent;action=android.intent.action.MAIN;category=android.intent.category.LAUNCHER;launchFlags=0x10200000;component=com.hihonor.calculator/.Calculator;end
    // Allowing start of Intent { act=android.intent.action.MAIN cat=[android.intent.category.LAUNCHER] cmp=com.hihonor.calculator/.Calculator } in package com.hihonor.calculator
:Sending Touch (ACTION_DOWN): 0:(321.0,668.0)
:Sending Touch (ACTION_UP): 0:(322.17337,674.307)
:Sending Touch (ACTION_DOWN): 0:(1247.0,563.0)
:Sending Touch (ACTION_UP): 0:(1243.5441,569.0364)
:Sending Touch (ACTION_DOWN): 0:(1908.0,352.0)
:Sending Touch (ACTION_UP): 0:(1912.0817,359.64417)
:Sending Touch (ACTION_DOWN): 0:(570.0,512.0)
:Sending Touch (ACTION_UP): 0:(567.4685,492.74866)
:Sending Touch (ACTION_DOWN): 0:(1432.0,473.0)
:Sending Touch (ACTION_UP): 0:(1446.0797,472.87964)
:Sending Trackball (ACTION_MOVE): 0:(-2.0,4.0)
:Sending Trackball (ACTION_UP): 0:(0.0,0.0)
:Sending Touch (ACTION_DOWN): 0:(427.0,467.0)
:Sending Touch (ACTION_UP): 0:(426.6419,472.93515)
:Sending Trackball (ACTION_MOVE): 0:(-4.0,-3.0)
    //[calendar_time:2026-04-19 21:17:59.486  system_uptime:562988785]
    // Sending event #100
:Sending Trackball (ACTION_MOVE): 0:(1.0,0.0)
:Sending Touch (ACTION_DOWN): 0:(1265.0,31.0)
:Sending Touch (ACTION_UP): 0:(1267.6083,28.278088)
:Sending Touch (ACTION_DOWN): 0:(427.0,290.0)
:Sending Touch (ACTION_UP): 0:(446.71323,264.91162)
:Sending Touch (ACTION_DOWN): 0:(1122.0,112.0)
:Sending Touch (ACTION_UP): 0:(1123.3865,118.77469)
:Sending Trackball (ACTION_MOVE): 0:(0.0,-5.0)
:Sending Trackball (ACTION_MOVE): 0:(3.0,3.0)
:Sending Touch (ACTION_DOWN): 0:(229.0,343.0)
:Sending Touch (ACTION_UP): 0:(234.1939,342.03583)
:Sending Trackball (ACTION_MOVE): 0:(2.0,0.0)
:Sending Touch (ACTION_DOWN): 0:(29.0,819.0)
:Sending Touch (ACTION_UP): 0:(3.9585266,802.5359)
:Switch: #Intent;action=android.intent.action.MAIN;category=android.intent.category.LAUNCHER;launchFlags=0x10200000;component=com.hihonor.calculator/.Calculator;end
    // Allowing start of Intent { act=android.intent.action.MAIN cat=[android.intent.category.LAUNCHER] cmp=com.hihonor.calculator/.Calculator } in package com.hihonor.calculator
:Sending Flip keyboardOpen=false
Got IOException performing flipjava.io.FileNotFoundException: /dev/input/event0: open failed: EACCES (Permission denied)
    // Injection Failed
:Sending Trackball (ACTION_MOVE): 0:(0.0,-4.0)
    //[calendar_time:2026-04-19 21:18:01.794  system_uptime:562991063]
    // Sending event #200
    //[calendar_time:2026-04-19 21:18:01.895  system_uptime:562991164]
    // Sending event #200
:Sending Touch (ACTION_DOWN): 0:(1552.0,29.0)
:Sending Touch (ACTION_UP): 0:(1561.1866,30.15243)
:Sending Trackball (ACTION_MOVE): 0:(-4.0,-2.0)
:Sending Touch (ACTION_DOWN): 0:(1508.0,531.0)
:Sending Touch (ACTION_UP): 0:(1500.9348,526.5973)
:Sending Touch (ACTION_DOWN): 0:(2181.0,797.0)
:Sending Touch (ACTION_UP): 0:(2204.5132,831.6047)
:Sending Touch (ACTION_DOWN): 0:(2141.0,791.0)
:Sending Touch (ACTION_UP): 0:(2141.598,786.6838)
    // Rejecting start of Intent { act=android.intent.action.MAIN cat=[android.intent.category.LAUNCHER] cmp=com.hihonor.mms/com.android.mms.ui.ConversationList } in package com.hihonor.mms
:Sending Trackball (ACTION_MOVE): 0:(-5.0,3.0)
:Sending Trackball (ACTION_UP): 0:(0.0,0.0)
:Sending Trackball (ACTION_MOVE): 0:(2.0,-1.0)
:Sending Trackball (ACTION_UP): 0:(0.0,0.0)
:Sending Touch (ACTION_DOWN): 0:(822.0,1049.0)
:Sending Touch (ACTION_UP): 0:(815.41675,1049.0248)
:Sending Trackball (ACTION_MOVE): 0:(-2.0,3.0)
:Sending Trackball (ACTION_MOVE): 0:(-2.0,2.0)
    // Rejecting start of Intent { act=android.intent.action.MAIN cat=[android.intent.category.LAUNCHER] cmp=com.hihonor.email/com.android.email.activity.Welcome } in package com.hihonor.email
:Switch: #Intent;action=android.intent.action.MAIN;category=android.intent.category.LAUNCHER;launchFlags=0x10200000;component=com.hihonor.calculator/.Calculator;end
    // Allowing start of Intent { act=android.intent.action.MAIN cat=[android.intent.category.LAUNCHER] cmp=com.hihonor.calculator/.Calculator } in package com.hihonor.calculator
:Sending Touch (ACTION_DOWN): 0:(923.0,160.0)
Events injected: 300
:Sending rotation degree=0, persist=false
:Dropped: keys=0 pointers=0 trackballs=0 flips=1 rotations=0
## Network stats: elapsed time=9596ms (0ms mobile, 0ms wifi, 9596ms not connected)
// Monkey finished
args: [-p, com.hihonor.calculator, --throttle, 100, --ignore-crashes, --ignore-timeouts, --ignore-security-exceptions, -v, 300]
 arg: "-p"
 arg: "com.hihonor.calculator"
 arg: "--throttle"
 arg: "100"
 arg: "--ignore-crashes"
 arg: "--ignore-timeouts"
 arg: "--ignore-security-exceptions"
 arg: "-v"
 arg: "300"
data="com.hihonor.calculator"
arg="--throttle" mCurArgData="null" mNextArg=3 argwas="--throttle" nextarg="100"
data="100"
arg="--ignore-crashes" mCurArgData="null" mNextArg=5 argwas="--ignore-crashes" nextarg="--ignore-timeouts"
arg="--ignore-timeouts" mCurArgData="null" mNextArg=6 argwas="--ignore-timeouts" nextarg="--ignore-security-exceptions"
arg="--ignore-security-exceptions" mCurArgData="null" mNextArg=7 argwas="--ignore-security-exceptions" nextarg="-v"
[2026-04-19T13:18:06.188204] execution finished with status success
