[2026-04-26 04:43:36.277998] preparing instance instance_f4f50a3993c64b9aaefa29fa52570854
device=AFQJVB2211008014
[2026-04-26 04:43:37.113155] instance entered running state
[2026-04-26 04:43:37.113365] scenario attempt 1/1 started for instance instance_f4f50a3993c64b9aaefa29fa52570854
[monkey] attempt=1 return_code=0 timed_out=False
bash arg: -p
  bash arg: com.ss.android.ugc.aweme
  bash arg: --throttle
  bash arg: 300
  bash arg: --ignore-crashes
  bash arg: --ignore-timeouts
  bash arg: --ignore-security-exceptions
  bash arg: -v
  bash arg: 240
:Monkey: seed=1777409046860 count=240
:AllowPackage: com.ss.android.ugc.aweme
:IncludeCategory: android.intent.category.LAUNCHER
:IncludeCategory: android.intent.category.MONKEY
// Event percentages:
//   0: 15.0%
//   1: 10.0%
//   2: 2.0%
//   3: 15.0%
//   4: -0.0%
//   5: -0.0%
//   6: 25.0%
//   7: 15.0%
//   8: 2.0%
//   9: 2.0%
//   10: 1.0%
//   11: 13.0%
:Switch: #Intent;action=android.intent.action.MAIN;category=android.intent.category.LAUNCHER;launchFlags=0x10200000;component=com.ss.android.ugc.aweme/.splash.SplashActivity;end
    // Allowing start of Intent { act=android.intent.action.MAIN cat=[android.intent.category.LAUNCHER] cmp=com.ss.android.ugc.aweme/.splash.SplashActivity } in package com.ss.android.ugc.aweme
:Sending Touch (ACTION_DOWN): 0:(1030.0,199.0)
:Sending Touch (ACTION_UP): 0:(1025.7832,195.0768)
:Sending Touch (ACTION_DOWN): 0:(663.0,549.0)
:Sending Touch (ACTION_UP): 0:(581.32043,572.0114)
:Sending Touch (ACTION_DOWN): 0:(660.0,323.0)
:Sending Touch (ACTION_UP): 0:(665.8739,323.27942)
    // Allowing start of Intent { dat=snssdk1128://slides/detail pkg=com.ss.android.ugc.aweme cmp=com.ss.android.ugc.aweme/com.bytedance.ies.ugc.aweme.photos.detail.schema.DetailSchemaActivity } in package com.ss.android.ugc.aweme
:Sending Touch (ACTION_DOWN): 0:(382.0,2160.0)
:Sending Touch (ACTION_UP): 0:(367.24933,2161.5422)
    // Allowing start of Intent { dat=snssdk1128://detail pkg=com.ss.android.ugc.aweme cmp=com.ss.android.ugc.aweme/.detail.ui.DetailActivity } in package com.ss.android.ugc.aweme
    // activityResuming(com.ss.android.ugc.aweme)
:Sending Touch (ACTION_DOWN): 0:(357.0,1223.0)
:Sending Touch (ACTION_UP): 0:(353.44174,1222.1664)
:Sending Trackball (ACTION_MOVE): 0:(1.0,-1.0)
:Sending Trackball (ACTION_UP): 0:(0.0,0.0)
:Sending Touch (ACTION_DOWN): 0:(970.0,1745.0)
:Sending Touch (ACTION_UP): 0:(957.5392,1731.6261)
    // Allowing start of Intent { cmp=com.ss.android.ugc.aweme/.account.business.login.DYLoginActivity } in package com.ss.android.ugc.aweme
:Sending Touch (ACTION_DOWN): 0:(506.0,756.0)
:Sending Touch (ACTION_UP): 0:(504.60822,757.1714)
:Sending Trackball (ACTION_MOVE): 0:(2.0,-1.0)
:Sending Touch (ACTION_DOWN): 0:(260.0,547.0)
:Sending Touch (ACTION_UP): 0:(279.14163,568.7382)
:Sending Trackball (ACTION_MOVE): 0:(-2.0,1.0)
:Sending Trackball (ACTION_MOVE): 0:(4.0,-2.0)
    //[calendar_time:2026-04-26 04:43:48.368  system_uptime:91911130]
    // Sending event #100
:Sending Trackball (ACTION_MOVE): 0:(3.0,-2.0)
:Sending Touch (ACTION_DOWN): 0:(756.0,1678.0)
:Sending Touch (ACTION_UP): 0:(770.79254,1686.4343)
:Sending Touch (ACTION_DOWN): 0:(140.0,1677.0)
:Sending Touch (ACTION_UP): 0:(237.30716,1545.6959)
:Sending Touch (ACTION_DOWN): 0:(664.0,2262.0)
:Sending Touch (ACTION_UP): 0:(609.26917,2221.7253)
:Sending Flip keyboardOpen=false
Got IOException performing flipjava.io.FileNotFoundException: /dev/input/event0: open failed: EACCES (Permission denied)
    // Injection Failed
:Sending Touch (ACTION_DOWN): 0:(683.0,373.0)
:Sending Touch (ACTION_UP): 0:(667.07367,339.36963)
    // activityResuming(com.ss.android.ugc.aweme)
:Sending Trackball (ACTION_MOVE): 0:(-1.0,2.0)
:Sending Trackball (ACTION_MOVE): 0:(1.0,-1.0)
:Sending Trackball (ACTION_UP): 0:(0.0,0.0)
:Sending Touch (ACTION_DOWN): 0:(749.0,135.0)
:Sending Touch (ACTION_UP): 0:(739.95135,185.69653)
    // Allowing start of Intent { cmp=com.ss.android.ugc.aweme/.profile.ui.ProfileCoverPreviewActivity } in package com.ss.android.ugc.aweme
:Sending Touch (ACTION_DOWN): 0:(698.0,229.0)
:Sending Touch (ACTION_UP): 0:(711.4158,233.95119)
    // activityResuming(com.ss.android.ugc.aweme)
:Sending Trackball (ACTION_MOVE): 0:(0.0,-1.0)
:Sending Trackball (ACTION_MOVE): 0:(-2.0,-1.0)
    //[calendar_time:2026-04-26 04:43:53.386  system_uptime:91916129]
    // Sending event #200
:Sending Touch (ACTION_DOWN): 0:(141.0,1586.0)
:Sending Touch (ACTION_UP): 0:(81.650635,1612.5552)
:Sending Touch (ACTION_DOWN): 0:(55.0,2124.0)
:Sending Touch (ACTION_UP): 0:(61.036884,2118.469)
:Sending Touch (ACTION_DOWN): 0:(576.0,827.0)
:Sending Touch (ACTION_UP): 0:(544.16144,785.9566)
:Sending Touch (ACTION_DOWN): 0:(100.0,1758.0)
:Sending Touch (ACTION_UP): 0:(34.902996,1773.5239)
:Sending Trackball (ACTION_MOVE): 0:(1.0,2.0)
Events injected: 240
:Sending rotation degree=0, persist=false
:Dropped: keys=0 pointers=0 trackballs=0 flips=1 rotations=0
## Network stats: elapsed time=18915ms (0ms mobile, 0ms wifi, 18915ms not connected)
// Monkey finished
args: [-p, com.ss.android.ugc.aweme, --throttle, 300, --ignore-crashes, --ignore-timeouts, --ignore-security-exceptions, -v, 240]
 arg: "-p"
 arg: "com.ss.android.ugc.aweme"
 arg: "--throttle"
 arg: "300"
 arg: "--ignore-crashes"
 arg: "--ignore-timeouts"
 arg: "--ignore-security-exceptions"
 arg: "-v"
 arg: "240"
data="com.ss.android.ugc.aweme"
arg="--throttle" mCurArgData="null" mNextArg=3 argwas="--throttle" nextarg="300"
data="300"
arg="--ignore-crashes" mCurArgData="null" mNextArg=5 argwas="--ignore-crashes" nextarg="--ignore-timeouts"
arg="--ignore-timeouts" mCurArgData="null" mNextArg=6 argwas="--ignore-timeouts" nextarg="--ignore-security-exceptions"
arg="--ignore-security-exceptions" mCurArgData="null" mNextArg=7 argwas="--ignore-security-exceptions" nextarg="-v"
[2026-04-26 04:44:00.056547] execution finished with status success
