[2026-04-19T12:43:39.516405] preparing instance instance_7616d11612774cababd7e9b63665738f
device=192.168.31.161:38393
[2026-04-19T12:43:39.521210] instance entered running state
[cold_start_loop] loop=1 target=com.android.settings/.HWSettings status=ok
[cold_start_loop] loop=1 wait_time_ms=551 total_time_ms=548 this_time_ms=None
[cold_start_loop] loop=1 return_code=0 timed_out=False
[cold_start_loop] loop=2 target=com.android.settings/.HWSettings status=ok
[cold_start_loop] loop=2 wait_time_ms=455 total_time_ms=451 this_time_ms=None
[cold_start_loop] loop=2 return_code=0 timed_out=False
[cold_start_loop] loop=3 target=com.android.settings/.HWSettings status=ok
[cold_start_loop] loop=3 wait_time_ms=460 total_time_ms=457 this_time_ms=None
[cold_start_loop] loop=3 return_code=0 timed_out=False
[cold_start_loop] loop=4 target=com.android.settings/.HWSettings status=ok
[cold_start_loop] loop=4 wait_time_ms=457 total_time_ms=453 this_time_ms=None
[cold_start_loop] loop=4 return_code=0 timed_out=False
[cold_start_loop] loop=5 target=com.android.settings/.HWSettings status=ok
[cold_start_loop] loop=5 wait_time_ms=446 total_time_ms=441 this_time_ms=None
[cold_start_loop] loop=5 return_code=0 timed_out=False
[cold_start_loop] loop=6 target=com.android.settings/.HWSettings status=ok
[cold_start_loop] loop=6 wait_time_ms=485 total_time_ms=482 this_time_ms=None
[cold_start_loop] loop=6 return_code=0 timed_out=False
[2026-04-19T12:44:01.002151] execution finished with status success
